<?xml version="1.0" encoding="UTF-8"?>
<!-- Generated by org.testng.reporters.JUnitReportReporter -->
<testsuite hostname="LAPTOP-GLJP20NJ" failures="0" tests="1" name="runners.Get_instructions_API_Step_Runner" time="0.709" errors="0" timestamp="11 Aug 2020 02:43:37 GMT">
  <testcase classname="runners.Get_instructions_API_Step_Runner" name="feature" time="0.709"/>
</testsuite> <!-- runners.Get_instructions_API_Step_Runner -->
